<html>
<head>
<title>TestNG:  Surefire test</title>
<link href="../testng.css" rel="stylesheet" type="text/css" />
<link href="../my-testng.css" rel="stylesheet" type="text/css" />

<style type="text/css">
.log { display: none;} 
.stack-trace { display: none;} 
</style>
<script type="text/javascript">
<!--
function flip(e) {
  current = e.style.display;
  if (current == 'block') {
    e.style.display = 'none';
    return 0;
  }
  else {
    e.style.display = 'block';
    return 1;
  }
}

function toggleBox(szDivId, elem, msg1, msg2)
{
  var res = -1;  if (document.getElementById) {
    res = flip(document.getElementById(szDivId));
  }
  else if (document.all) {
    // this is the way old msie versions work
    res = flip(document.all[szDivId]);
  }
  if(elem) {
    if(res == 0) elem.innerHTML = msg1; else elem.innerHTML = msg2;
  }

}

function toggleAllBoxes() {
  if (document.getElementsByTagName) {
    d = document.getElementsByTagName('div');
    for (i = 0; i < d.length; i++) {
      if (d[i].className == 'log') {
        flip(d[i]);
      }
    }
  }
}

// -->
</script>

</head>
<body>
<h2 align='center'>Surefire test</h2><table border='1' align="center">
<tr>
<td>Tests passed/Failed/Skipped:</td><td>23/3/0</td>
</tr><tr>
<td>Started on:</td><td>Fri Sep 15 11:56:22 IST 2023</td>
</tr>
<tr><td>Total time:</td><td>257 seconds (257219 ms)</td>
</tr><tr>
<td>Included groups:</td><td></td>
</tr><tr>
<td>Excluded groups:</td><td></td>
</tr>
</table><p/>
<small><i>(Hover the method name to see the test class name)</i></small><p/>
<table width='100%' border='1' class='invocation-failed'>
<tr><td colspan='4' align='center'><b>FAILED TESTS</b></td></tr>
<tr><td><b>Test method</b></td>
<td><b>Attribute(s)</b></td>
<td width="30%"><b>Exception</b></td>
<td width="10%"><b>Time (seconds)</b></td>
<td><b>Instance</b></td>
</tr>
<tr>
<td title='org.planisphrer.TestingClassEdge.nextPage()'><b>nextPage</b><br>Test class: org.planisphrer.TestingClassEdge</td>
<td><div><pre>org.testng.TestNGException: 
Parameter &apos;date&apos; is required by @Test on method nextPage but has not been marked @Optional or defined

	at java.base/java.util.ArrayList.forEach(ArrayList.java:1541)
... Removed 31 stack frames</pre></div><a href='#' onClick='toggleBox("stack-trace1312966018", this, "Click to show all stack frames", "Click to hide stack frames")'>Click to show all stack frames</a>
<div class='stack-trace' id='stack-trace1312966018'><pre>org.testng.TestNGException: 
Parameter &apos;date&apos; is required by @Test on method nextPage but has not been marked @Optional or defined

	at org.testng.internal.Parameters.createParams(Parameters.java:267)
	at org.testng.internal.Parameters.createParametersForMethod(Parameters.java:355)
	at org.testng.internal.Parameters.createParameters(Parameters.java:684)
	at org.testng.internal.Parameters.handleParameters(Parameters.java:879)
	at org.testng.internal.Parameters.handleParameters(Parameters.java:728)
	at org.testng.internal.invokers.ParameterHandler.handleParameters(ParameterHandler.java:72)
	at org.testng.internal.invokers.ParameterHandler.createParameters(ParameterHandler.java:51)
	at org.testng.internal.invokers.TestInvoker$MethodInvocationAgent.invoke(TestInvoker.java:911)
	at org.testng.internal.invokers.TestInvoker.invokeTestMethods(TestInvoker.java:200)
	at org.testng.internal.invokers.TestMethodWorker.invokeTestMethods(TestMethodWorker.java:148)
	at org.testng.internal.invokers.TestMethodWorker.run(TestMethodWorker.java:128)
	at java.base/java.util.ArrayList.forEach(ArrayList.java:1541)
	at org.testng.TestRunner.privateRun(TestRunner.java:848)
	at org.testng.TestRunner.run(TestRunner.java:621)
	at org.testng.SuiteRunner.runTest(SuiteRunner.java:443)
	at org.testng.SuiteRunner.runSequentially(SuiteRunner.java:437)
	at org.testng.SuiteRunner.privateRun(SuiteRunner.java:397)
	at org.testng.SuiteRunner.run(SuiteRunner.java:336)
	at org.testng.SuiteRunnerWorker.runSuite(SuiteRunnerWorker.java:52)
	at org.testng.SuiteRunnerWorker.run(SuiteRunnerWorker.java:95)
	at org.testng.TestNG.runSuitesSequentially(TestNG.java:1280)
	at org.testng.TestNG.runSuitesLocally(TestNG.java:1200)
	at org.testng.TestNG.runSuites(TestNG.java:1114)
	at org.testng.TestNG.run(TestNG.java:1082)
	at org.apache.maven.surefire.testng.TestNGExecutor.run(TestNGExecutor.java:155)
	at org.apache.maven.surefire.testng.TestNGDirectoryTestSuite.executeMulti(TestNGDirectoryTestSuite.java:169)
	at org.apache.maven.surefire.testng.TestNGDirectoryTestSuite.execute(TestNGDirectoryTestSuite.java:88)
	at org.apache.maven.surefire.testng.TestNGProvider.invoke(TestNGProvider.java:137)
	at org.apache.maven.surefire.booter.ForkedBooter.runSuitesInProcess(ForkedBooter.java:385)
	at org.apache.maven.surefire.booter.ForkedBooter.execute(ForkedBooter.java:162)
	at org.apache.maven.surefire.booter.ForkedBooter.run(ForkedBooter.java:507)
	at org.apache.maven.surefire.booter.ForkedBooter.main(ForkedBooter.java:495)
</pre></div></td>
<td>0</td>
<td>org.planisphrer.TestingClassEdge@593aaf41</td></tr>
<tr>
<td title='org.parallelexe.TestingTest.adactionTest()'><b>adactionTest</b><br>Test class: org.parallelexe.TestingTest</td>
<td><div><pre>org.testng.TestNGException: 
Parameter &apos;browser&apos; is required by @Test on method adactionTest but has not been marked @Optional or defined

	at java.base/java.util.ArrayList.forEach(ArrayList.java:1541)
... Removed 31 stack frames</pre></div><a href='#' onClick='toggleBox("stack-trace940857381", this, "Click to show all stack frames", "Click to hide stack frames")'>Click to show all stack frames</a>
<div class='stack-trace' id='stack-trace940857381'><pre>org.testng.TestNGException: 
Parameter &apos;browser&apos; is required by @Test on method adactionTest but has not been marked @Optional or defined

	at org.testng.internal.Parameters.createParams(Parameters.java:267)
	at org.testng.internal.Parameters.createParametersForMethod(Parameters.java:355)
	at org.testng.internal.Parameters.createParameters(Parameters.java:684)
	at org.testng.internal.Parameters.handleParameters(Parameters.java:879)
	at org.testng.internal.Parameters.handleParameters(Parameters.java:728)
	at org.testng.internal.invokers.ParameterHandler.handleParameters(ParameterHandler.java:72)
	at org.testng.internal.invokers.ParameterHandler.createParameters(ParameterHandler.java:51)
	at org.testng.internal.invokers.TestInvoker$MethodInvocationAgent.invoke(TestInvoker.java:911)
	at org.testng.internal.invokers.TestInvoker.invokeTestMethods(TestInvoker.java:200)
	at org.testng.internal.invokers.TestMethodWorker.invokeTestMethods(TestMethodWorker.java:148)
	at org.testng.internal.invokers.TestMethodWorker.run(TestMethodWorker.java:128)
	at java.base/java.util.ArrayList.forEach(ArrayList.java:1541)
	at org.testng.TestRunner.privateRun(TestRunner.java:848)
	at org.testng.TestRunner.run(TestRunner.java:621)
	at org.testng.SuiteRunner.runTest(SuiteRunner.java:443)
	at org.testng.SuiteRunner.runSequentially(SuiteRunner.java:437)
	at org.testng.SuiteRunner.privateRun(SuiteRunner.java:397)
	at org.testng.SuiteRunner.run(SuiteRunner.java:336)
	at org.testng.SuiteRunnerWorker.runSuite(SuiteRunnerWorker.java:52)
	at org.testng.SuiteRunnerWorker.run(SuiteRunnerWorker.java:95)
	at org.testng.TestNG.runSuitesSequentially(TestNG.java:1280)
	at org.testng.TestNG.runSuitesLocally(TestNG.java:1200)
	at org.testng.TestNG.runSuites(TestNG.java:1114)
	at org.testng.TestNG.run(TestNG.java:1082)
	at org.apache.maven.surefire.testng.TestNGExecutor.run(TestNGExecutor.java:155)
	at org.apache.maven.surefire.testng.TestNGDirectoryTestSuite.executeMulti(TestNGDirectoryTestSuite.java:169)
	at org.apache.maven.surefire.testng.TestNGDirectoryTestSuite.execute(TestNGDirectoryTestSuite.java:88)
	at org.apache.maven.surefire.testng.TestNGProvider.invoke(TestNGProvider.java:137)
	at org.apache.maven.surefire.booter.ForkedBooter.runSuitesInProcess(ForkedBooter.java:385)
	at org.apache.maven.surefire.booter.ForkedBooter.execute(ForkedBooter.java:162)
	at org.apache.maven.surefire.booter.ForkedBooter.run(ForkedBooter.java:507)
	at org.apache.maven.surefire.booter.ForkedBooter.main(ForkedBooter.java:495)
</pre></div></td>
<td>0</td>
<td>org.parallelexe.TestingTest@1de76cc7</td></tr>
<tr>
<td title='org.planisphrer.TestingClassEdge.getBrowser()'><b>getBrowser</b><br>Test class: org.planisphrer.TestingClassEdge</td>
<td><div><pre>org.testng.TestNGException: 
Parameter &apos;browser&apos; is required by @Test on method getBrowser but has not been marked @Optional or defined

	at java.base/java.util.ArrayList.forEach(ArrayList.java:1541)
... Removed 31 stack frames</pre></div><a href='#' onClick='toggleBox("stack-trace1541298091", this, "Click to show all stack frames", "Click to hide stack frames")'>Click to show all stack frames</a>
<div class='stack-trace' id='stack-trace1541298091'><pre>org.testng.TestNGException: 
Parameter &apos;browser&apos; is required by @Test on method getBrowser but has not been marked @Optional or defined

	at org.testng.internal.Parameters.createParams(Parameters.java:267)
	at org.testng.internal.Parameters.createParametersForMethod(Parameters.java:355)
	at org.testng.internal.Parameters.createParameters(Parameters.java:684)
	at org.testng.internal.Parameters.handleParameters(Parameters.java:879)
	at org.testng.internal.Parameters.handleParameters(Parameters.java:728)
	at org.testng.internal.invokers.ParameterHandler.handleParameters(ParameterHandler.java:72)
	at org.testng.internal.invokers.ParameterHandler.createParameters(ParameterHandler.java:51)
	at org.testng.internal.invokers.TestInvoker$MethodInvocationAgent.invoke(TestInvoker.java:911)
	at org.testng.internal.invokers.TestInvoker.invokeTestMethods(TestInvoker.java:200)
	at org.testng.internal.invokers.TestMethodWorker.invokeTestMethods(TestMethodWorker.java:148)
	at org.testng.internal.invokers.TestMethodWorker.run(TestMethodWorker.java:128)
	at java.base/java.util.ArrayList.forEach(ArrayList.java:1541)
	at org.testng.TestRunner.privateRun(TestRunner.java:848)
	at org.testng.TestRunner.run(TestRunner.java:621)
	at org.testng.SuiteRunner.runTest(SuiteRunner.java:443)
	at org.testng.SuiteRunner.runSequentially(SuiteRunner.java:437)
	at org.testng.SuiteRunner.privateRun(SuiteRunner.java:397)
	at org.testng.SuiteRunner.run(SuiteRunner.java:336)
	at org.testng.SuiteRunnerWorker.runSuite(SuiteRunnerWorker.java:52)
	at org.testng.SuiteRunnerWorker.run(SuiteRunnerWorker.java:95)
	at org.testng.TestNG.runSuitesSequentially(TestNG.java:1280)
	at org.testng.TestNG.runSuitesLocally(TestNG.java:1200)
	at org.testng.TestNG.runSuites(TestNG.java:1114)
	at org.testng.TestNG.run(TestNG.java:1082)
	at org.apache.maven.surefire.testng.TestNGExecutor.run(TestNGExecutor.java:155)
	at org.apache.maven.surefire.testng.TestNGDirectoryTestSuite.executeMulti(TestNGDirectoryTestSuite.java:169)
	at org.apache.maven.surefire.testng.TestNGDirectoryTestSuite.execute(TestNGDirectoryTestSuite.java:88)
	at org.apache.maven.surefire.testng.TestNGProvider.invoke(TestNGProvider.java:137)
	at org.apache.maven.surefire.booter.ForkedBooter.runSuitesInProcess(ForkedBooter.java:385)
	at org.apache.maven.surefire.booter.ForkedBooter.execute(ForkedBooter.java:162)
	at org.apache.maven.surefire.booter.ForkedBooter.run(ForkedBooter.java:507)
	at org.apache.maven.surefire.booter.ForkedBooter.main(ForkedBooter.java:495)
</pre></div></td>
<td>0</td>
<td>org.planisphrer.TestingClassEdge@593aaf41</td></tr>
</table><p>
<table width='100%' border='1' class='invocation-passed'>
<tr><td colspan='4' align='center'><b>PASSED TESTS</b></td></tr>
<tr><td><b>Test method</b></td>
<td><b>Attribute(s)</b></td>
<td width="30%"><b>Exception</b></td>
<td width="10%"><b>Time (seconds)</b></td>
<td><b>Instance</b></td>
</tr>
<tr>
<td title='org.parallelexe.TestingClass2.tc03()'><b>tc03</b><br>Test class: org.parallelexe.TestingClass2</td>
<td></td>
<td>0</td>
<td>org.parallelexe.TestingClass2@5d0a1059</td></tr>
<tr>
<td title='org.planisphrer.TestingClassCrome.loginDataEntering()'><b>loginDataEntering</b><br>Test class: org.planisphrer.TestingClassCrome</td>
<td></td>
<td>49</td>
<td>org.planisphrer.TestingClassCrome@54bff557</td></tr>
<tr>
<td title='org.planisphrer.TestingClassCrome.nextPage()'><b>nextPage</b><br>Test class: org.planisphrer.TestingClassCrome</td>
<td></td>
<td>0</td>
<td>org.planisphrer.TestingClassCrome@54bff557</td></tr>
<tr>
<td title='org.parallelexe.TestingClass.tc02()'><b>tc02</b><br>Test class: org.parallelexe.TestingClass</td>
<td></td>
<td>0</td>
<td>org.parallelexe.TestingClass@7bd4937b</td></tr>
<tr>
<td title='org.parallelexe.TestingClass.tc01()'><b>tc01</b><br>Test class: org.parallelexe.TestingClass</td>
<td></td>
<td>0</td>
<td>org.parallelexe.TestingClass@7bd4937b</td></tr>
<tr>
<td title='org.parallelexe.TestingClass3.tc04()'><b>tc04</b><br>Test class: org.parallelexe.TestingClass3</td>
<td></td>
<td>0</td>
<td>org.parallelexe.TestingClass3@485966cc</td></tr>
<tr>
<td title='org.parallelexe.TestingClass.tc05()'><b>tc05</b><br>Test class: org.parallelexe.TestingClass</td>
<td></td>
<td>0</td>
<td>org.parallelexe.TestingClass@7bd4937b</td></tr>
<tr>
<td title='org.parallelexe.TestingClass3.tc03()'><b>tc03</b><br>Test class: org.parallelexe.TestingClass3</td>
<td></td>
<td>0</td>
<td>org.parallelexe.TestingClass3@485966cc</td></tr>
<tr>
<td title='org.parallelexe.TestingClass2.tc02()'><b>tc02</b><br>Test class: org.parallelexe.TestingClass2</td>
<td></td>
<td>0</td>
<td>org.parallelexe.TestingClass2@5d0a1059</td></tr>
<tr>
<td title='org.planisphrer.TestingClassEdge.urlLanunched()'><b>urlLanunched</b><br>Test class: org.planisphrer.TestingClassEdge</td>
<td></td>
<td>0</td>
<td>org.planisphrer.TestingClassEdge@593aaf41</td></tr>
<tr>
<td title='org.planisphrer.TestingClassEdge.clicklogin()'><b>clicklogin</b><br>Test class: org.planisphrer.TestingClassEdge</td>
<td></td>
<td>17</td>
<td>org.planisphrer.TestingClassEdge@593aaf41</td></tr>
<tr>
<td title='org.parallelexe.TestingClass2.tc05()'><b>tc05</b><br>Test class: org.parallelexe.TestingClass2</td>
<td></td>
<td>0</td>
<td>org.parallelexe.TestingClass2@5d0a1059</td></tr>
<tr>
<td title='org.planisphrer.TestingClassCrome.getBrowser()'><b>getBrowser</b><br>Test class: org.planisphrer.TestingClassCrome</td>
<td></td>
<td>111</td>
<td>org.planisphrer.TestingClassCrome@54bff557</td></tr>
<tr>
<td title='org.planisphrer.TestingClassCrome.urlLanunched()'><b>urlLanunched</b><br>Test class: org.planisphrer.TestingClassCrome</td>
<td></td>
<td>36</td>
<td>org.planisphrer.TestingClassCrome@54bff557</td></tr>
<tr>
<td title='org.parallelexe.TestingClass3.tc02()'><b>tc02</b><br>Test class: org.parallelexe.TestingClass3</td>
<td></td>
<td>0</td>
<td>org.parallelexe.TestingClass3@485966cc</td></tr>
<tr>
<td title='org.planisphrer.TestingClassEdge.loginDataEntering()'><b>loginDataEntering</b><br>Test class: org.planisphrer.TestingClassEdge</td>
<td></td>
<td>15</td>
<td>org.planisphrer.TestingClassEdge@593aaf41</td></tr>
<tr>
<td title='org.parallelexe.TestingClass.tc03()'><b>tc03</b><br>Test class: org.parallelexe.TestingClass</td>
<td></td>
<td>0</td>
<td>org.parallelexe.TestingClass@7bd4937b</td></tr>
<tr>
<td title='org.parallelexe.TestingClass2.tc04()'><b>tc04</b><br>Test class: org.parallelexe.TestingClass2</td>
<td></td>
<td>0</td>
<td>org.parallelexe.TestingClass2@5d0a1059</td></tr>
<tr>
<td title='org.parallelexe.TestingClass3.tc01()'><b>tc01</b><br>Test class: org.parallelexe.TestingClass3</td>
<td></td>
<td>0</td>
<td>org.parallelexe.TestingClass3@485966cc</td></tr>
<tr>
<td title='org.parallelexe.TestingClass3.tc05()'><b>tc05</b><br>Test class: org.parallelexe.TestingClass3</td>
<td></td>
<td>0</td>
<td>org.parallelexe.TestingClass3@485966cc</td></tr>
<tr>
<td title='org.parallelexe.TestingClass.tc04()'><b>tc04</b><br>Test class: org.parallelexe.TestingClass</td>
<td></td>
<td>0</td>
<td>org.parallelexe.TestingClass@7bd4937b</td></tr>
<tr>
<td title='org.parallelexe.TestingClass2.tc01()'><b>tc01</b><br>Test class: org.parallelexe.TestingClass2</td>
<td></td>
<td>0</td>
<td>org.parallelexe.TestingClass2@5d0a1059</td></tr>
<tr>
<td title='org.planisphrer.TestingClassCrome.clicklogin()'><b>clicklogin</b><br>Test class: org.planisphrer.TestingClassCrome</td>
<td></td>
<td>25</td>
<td>org.planisphrer.TestingClassCrome@54bff557</td></tr>
</table><p>
</body>
</html>