<?xml version="1.0" encoding="UTF-8"?>
<!-- Generated by org.testng.reporters.JUnitXMLReporter -->
<testsuite ignored="0" hostname="DESKTOP-ITJOV93" failures="3" tests="26" name="Surefire test" time="257.219" errors="0" timestamp="2023-09-15T12:00:40 IST">
  <testcase classname="org.parallelexe.TestingClass" name="tc01" time="0.03"/>
  <testcase classname="org.parallelexe.TestingClass" name="tc02" time="0.001"/>
  <testcase classname="org.parallelexe.TestingClass" name="tc03" time="0.001"/>
  <testcase classname="org.parallelexe.TestingClass" name="tc04" time="0.001"/>
  <testcase classname="org.parallelexe.TestingClass" name="tc05" time="0.002"/>
  <testcase classname="org.parallelexe.TestingClass2" name="tc01" time="0.002"/>
  <testcase classname="org.parallelexe.TestingClass2" name="tc02" time="0.002"/>
  <testcase classname="org.parallelexe.TestingClass2" name="tc03" time="0.001"/>
  <testcase classname="org.parallelexe.TestingClass2" name="tc04" time="0.001"/>
  <testcase classname="org.parallelexe.TestingClass2" name="tc05" time="0.001"/>
  <testcase classname="org.parallelexe.TestingClass3" name="tc01" time="0.002"/>
  <testcase classname="org.parallelexe.TestingClass3" name="tc02" time="0.001"/>
  <testcase classname="org.parallelexe.TestingClass3" name="tc03" time="0.002"/>
  <testcase classname="org.parallelexe.TestingClass3" name="tc04" time="0.005"/>
  <testcase classname="org.parallelexe.TestingClass3" name="tc05" time="0.001"/>
  <testcase classname="org.parallelexe.TestingTest" name="adactionTest" time="0.0">
    <failure type="org.testng.TestNGException" message="
Parameter &amp;apos;browser&amp;apos; is required by @Test on method adactionTest but has not been marked @Optional or defined
">
      <![CDATA[org.testng.TestNGException: 
Parameter 'browser' is required by @Test on method adactionTest but has not been marked @Optional or defined

at java.base/java.util.ArrayList.forEach(ArrayList.java:1541)
... Removed 31 stack frames]]>
    </failure>
  </testcase> <!-- adactionTest -->
  <testcase classname="org.planisphrer.TestingClassCrome" name="getBrowser" time="111.935"/>
  <testcase classname="org.planisphrer.TestingClassCrome" name="urlLanunched" time="36.522"/>
  <testcase classname="org.planisphrer.TestingClassCrome" name="loginDataEntering" time="49.415"/>
  <testcase classname="org.planisphrer.TestingClassCrome" name="clicklogin" time="25.359"/>
  <testcase classname="org.planisphrer.TestingClassCrome" name="nextPage" time="0.148"/>
  <testcase classname="org.planisphrer.TestingClassEdge" name="getBrowser" time="0.0">
    <failure type="org.testng.TestNGException" message="
Parameter &amp;apos;browser&amp;apos; is required by @Test on method getBrowser but has not been marked @Optional or defined
">
      <![CDATA[org.testng.TestNGException: 
Parameter 'browser' is required by @Test on method getBrowser but has not been marked @Optional or defined

at java.base/java.util.ArrayList.forEach(ArrayList.java:1541)
... Removed 31 stack frames]]>
    </failure>
  </testcase> <!-- getBrowser -->
  <testcase classname="org.planisphrer.TestingClassEdge" name="urlLanunched" time="0.278"/>
  <testcase classname="org.planisphrer.TestingClassEdge" name="loginDataEntering" time="15.812"/>
  <testcase classname="org.planisphrer.TestingClassEdge" name="clicklogin" time="17.0"/>
  <testcase classname="org.planisphrer.TestingClassEdge" name="nextPage" time="0.0">
    <failure type="org.testng.TestNGException" message="
Parameter &amp;apos;date&amp;apos; is required by @Test on method nextPage but has not been marked @Optional or defined
">
      <![CDATA[org.testng.TestNGException: 
Parameter 'date' is required by @Test on method nextPage but has not been marked @Optional or defined

at java.base/java.util.ArrayList.forEach(ArrayList.java:1541)
... Removed 31 stack frames]]>
    </failure>
  </testcase> <!-- nextPage -->
</testsuite> <!-- Surefire test -->
