<?xml version="1.0" encoding="UTF-8"?>
<testng-results ignored="0" total="26" passed="23" failed="3" skipped="0">
  <reporter-output>
  </reporter-output>
  <suite started-at="2023-09-15T11:56:22 IST" name="Surefire suite" finished-at="2023-09-15T12:00:40 IST" duration-ms="257219">
    <groups>
    </groups>
    <test started-at="2023-09-15T11:56:22 IST" name="Surefire test" finished-at="2023-09-15T12:00:40 IST" duration-ms="257219">
      <class name="org.parallelexe.TestingTest">
        <test-method signature="adactionTest(java.lang.String,java.lang.String,java.lang.String)[pri:0, instance:org.parallelexe.TestingTest@1de76cc7]" started-at="2023-09-15T11:56:23 IST" name="adactionTest" finished-at="2023-09-15T11:56:23 IST" duration-ms="0" status="FAIL">
          <exception class="org.testng.TestNGException">
            <message>
              <![CDATA[
Parameter 'browser' is required by @Test on method adactionTest but has not been marked @Optional or defined
]]>
            </message>
            <full-stacktrace>
              <![CDATA[org.testng.TestNGException: 
Parameter 'browser' is required by @Test on method adactionTest but has not been marked @Optional or defined

at org.testng.internal.Parameters.createParams(Parameters.java:267)
at org.testng.internal.Parameters.createParametersForMethod(Parameters.java:355)
at org.testng.internal.Parameters.createParameters(Parameters.java:684)
at org.testng.internal.Parameters.handleParameters(Parameters.java:879)
at org.testng.internal.Parameters.handleParameters(Parameters.java:728)
at org.testng.internal.invokers.ParameterHandler.handleParameters(ParameterHandler.java:72)
at org.testng.internal.invokers.ParameterHandler.createParameters(ParameterHandler.java:51)
at org.testng.internal.invokers.TestInvoker$MethodInvocationAgent.invoke(TestInvoker.java:911)
at org.testng.internal.invokers.TestInvoker.invokeTestMethods(TestInvoker.java:200)
at org.testng.internal.invokers.TestMethodWorker.invokeTestMethods(TestMethodWorker.java:148)
at org.testng.internal.invokers.TestMethodWorker.run(TestMethodWorker.java:128)
at java.base/java.util.ArrayList.forEach(ArrayList.java:1541)
at org.testng.TestRunner.privateRun(TestRunner.java:848)
at org.testng.TestRunner.run(TestRunner.java:621)
at org.testng.SuiteRunner.runTest(SuiteRunner.java:443)
at org.testng.SuiteRunner.runSequentially(SuiteRunner.java:437)
at org.testng.SuiteRunner.privateRun(SuiteRunner.java:397)
at org.testng.SuiteRunner.run(SuiteRunner.java:336)
at org.testng.SuiteRunnerWorker.runSuite(SuiteRunnerWorker.java:52)
at org.testng.SuiteRunnerWorker.run(SuiteRunnerWorker.java:95)
at org.testng.TestNG.runSuitesSequentially(TestNG.java:1280)
at org.testng.TestNG.runSuitesLocally(TestNG.java:1200)
at org.testng.TestNG.runSuites(TestNG.java:1114)
at org.testng.TestNG.run(TestNG.java:1082)
at org.apache.maven.surefire.testng.TestNGExecutor.run(TestNGExecutor.java:155)
at org.apache.maven.surefire.testng.TestNGDirectoryTestSuite.executeMulti(TestNGDirectoryTestSuite.java:169)
at org.apache.maven.surefire.testng.TestNGDirectoryTestSuite.execute(TestNGDirectoryTestSuite.java:88)
at org.apache.maven.surefire.testng.TestNGProvider.invoke(TestNGProvider.java:137)
at org.apache.maven.surefire.booter.ForkedBooter.runSuitesInProcess(ForkedBooter.java:385)
at org.apache.maven.surefire.booter.ForkedBooter.execute(ForkedBooter.java:162)
at org.apache.maven.surefire.booter.ForkedBooter.run(ForkedBooter.java:507)
at org.apache.maven.surefire.booter.ForkedBooter.main(ForkedBooter.java:495)
]]>
            </full-stacktrace>
          </exception> <!-- org.testng.TestNGException -->
          <reporter-output>
          </reporter-output>
        </test-method> <!-- adactionTest -->
      </class> <!-- org.parallelexe.TestingTest -->
      <class name="org.planisphrer.TestingClassEdge">
        <test-method signature="getBrowser(java.lang.String)[pri:0, instance:org.planisphrer.TestingClassEdge@593aaf41]" started-at="2023-09-15T12:00:06 IST" name="getBrowser" finished-at="2023-09-15T12:00:06 IST" duration-ms="0" status="FAIL">
          <exception class="org.testng.TestNGException">
            <message>
              <![CDATA[
Parameter 'browser' is required by @Test on method getBrowser but has not been marked @Optional or defined
]]>
            </message>
            <full-stacktrace>
              <![CDATA[org.testng.TestNGException: 
Parameter 'browser' is required by @Test on method getBrowser but has not been marked @Optional or defined

at org.testng.internal.Parameters.createParams(Parameters.java:267)
at org.testng.internal.Parameters.createParametersForMethod(Parameters.java:355)
at org.testng.internal.Parameters.createParameters(Parameters.java:684)
at org.testng.internal.Parameters.handleParameters(Parameters.java:879)
at org.testng.internal.Parameters.handleParameters(Parameters.java:728)
at org.testng.internal.invokers.ParameterHandler.handleParameters(ParameterHandler.java:72)
at org.testng.internal.invokers.ParameterHandler.createParameters(ParameterHandler.java:51)
at org.testng.internal.invokers.TestInvoker$MethodInvocationAgent.invoke(TestInvoker.java:911)
at org.testng.internal.invokers.TestInvoker.invokeTestMethods(TestInvoker.java:200)
at org.testng.internal.invokers.TestMethodWorker.invokeTestMethods(TestMethodWorker.java:148)
at org.testng.internal.invokers.TestMethodWorker.run(TestMethodWorker.java:128)
at java.base/java.util.ArrayList.forEach(ArrayList.java:1541)
at org.testng.TestRunner.privateRun(TestRunner.java:848)
at org.testng.TestRunner.run(TestRunner.java:621)
at org.testng.SuiteRunner.runTest(SuiteRunner.java:443)
at org.testng.SuiteRunner.runSequentially(SuiteRunner.java:437)
at org.testng.SuiteRunner.privateRun(SuiteRunner.java:397)
at org.testng.SuiteRunner.run(SuiteRunner.java:336)
at org.testng.SuiteRunnerWorker.runSuite(SuiteRunnerWorker.java:52)
at org.testng.SuiteRunnerWorker.run(SuiteRunnerWorker.java:95)
at org.testng.TestNG.runSuitesSequentially(TestNG.java:1280)
at org.testng.TestNG.runSuitesLocally(TestNG.java:1200)
at org.testng.TestNG.runSuites(TestNG.java:1114)
at org.testng.TestNG.run(TestNG.java:1082)
at org.apache.maven.surefire.testng.TestNGExecutor.run(TestNGExecutor.java:155)
at org.apache.maven.surefire.testng.TestNGDirectoryTestSuite.executeMulti(TestNGDirectoryTestSuite.java:169)
at org.apache.maven.surefire.testng.TestNGDirectoryTestSuite.execute(TestNGDirectoryTestSuite.java:88)
at org.apache.maven.surefire.testng.TestNGProvider.invoke(TestNGProvider.java:137)
at org.apache.maven.surefire.booter.ForkedBooter.runSuitesInProcess(ForkedBooter.java:385)
at org.apache.maven.surefire.booter.ForkedBooter.execute(ForkedBooter.java:162)
at org.apache.maven.surefire.booter.ForkedBooter.run(ForkedBooter.java:507)
at org.apache.maven.surefire.booter.ForkedBooter.main(ForkedBooter.java:495)
]]>
            </full-stacktrace>
          </exception> <!-- org.testng.TestNGException -->
          <reporter-output>
          </reporter-output>
        </test-method> <!-- getBrowser -->
        <test-method signature="urlLanunched()[pri:1, instance:org.planisphrer.TestingClassEdge@593aaf41]" started-at="2023-09-15T12:00:06 IST" name="urlLanunched" finished-at="2023-09-15T12:00:07 IST" duration-ms="278" status="PASS">
          <reporter-output>
          </reporter-output>
        </test-method> <!-- urlLanunched -->
        <test-method signature="loginDataEntering()[pri:2, instance:org.planisphrer.TestingClassEdge@593aaf41]" started-at="2023-09-15T12:00:07 IST" name="loginDataEntering" finished-at="2023-09-15T12:00:23 IST" duration-ms="15812" status="PASS">
          <reporter-output>
          </reporter-output>
        </test-method> <!-- loginDataEntering -->
        <test-method signature="clicklogin()[pri:3, instance:org.planisphrer.TestingClassEdge@593aaf41]" started-at="2023-09-15T12:00:23 IST" name="clicklogin" finished-at="2023-09-15T12:00:40 IST" duration-ms="17000" status="PASS">
          <reporter-output>
          </reporter-output>
        </test-method> <!-- clicklogin -->
        <test-method signature="nextPage(java.lang.String)[pri:4, instance:org.planisphrer.TestingClassEdge@593aaf41]" started-at="2023-09-15T12:00:40 IST" name="nextPage" finished-at="2023-09-15T12:00:40 IST" duration-ms="0" status="FAIL">
          <exception class="org.testng.TestNGException">
            <message>
              <![CDATA[
Parameter 'date' is required by @Test on method nextPage but has not been marked @Optional or defined
]]>
            </message>
            <full-stacktrace>
              <![CDATA[org.testng.TestNGException: 
Parameter 'date' is required by @Test on method nextPage but has not been marked @Optional or defined

at org.testng.internal.Parameters.createParams(Parameters.java:267)
at org.testng.internal.Parameters.createParametersForMethod(Parameters.java:355)
at org.testng.internal.Parameters.createParameters(Parameters.java:684)
at org.testng.internal.Parameters.handleParameters(Parameters.java:879)
at org.testng.internal.Parameters.handleParameters(Parameters.java:728)
at org.testng.internal.invokers.ParameterHandler.handleParameters(ParameterHandler.java:72)
at org.testng.internal.invokers.ParameterHandler.createParameters(ParameterHandler.java:51)
at org.testng.internal.invokers.TestInvoker$MethodInvocationAgent.invoke(TestInvoker.java:911)
at org.testng.internal.invokers.TestInvoker.invokeTestMethods(TestInvoker.java:200)
at org.testng.internal.invokers.TestMethodWorker.invokeTestMethods(TestMethodWorker.java:148)
at org.testng.internal.invokers.TestMethodWorker.run(TestMethodWorker.java:128)
at java.base/java.util.ArrayList.forEach(ArrayList.java:1541)
at org.testng.TestRunner.privateRun(TestRunner.java:848)
at org.testng.TestRunner.run(TestRunner.java:621)
at org.testng.SuiteRunner.runTest(SuiteRunner.java:443)
at org.testng.SuiteRunner.runSequentially(SuiteRunner.java:437)
at org.testng.SuiteRunner.privateRun(SuiteRunner.java:397)
at org.testng.SuiteRunner.run(SuiteRunner.java:336)
at org.testng.SuiteRunnerWorker.runSuite(SuiteRunnerWorker.java:52)
at org.testng.SuiteRunnerWorker.run(SuiteRunnerWorker.java:95)
at org.testng.TestNG.runSuitesSequentially(TestNG.java:1280)
at org.testng.TestNG.runSuitesLocally(TestNG.java:1200)
at org.testng.TestNG.runSuites(TestNG.java:1114)
at org.testng.TestNG.run(TestNG.java:1082)
at org.apache.maven.surefire.testng.TestNGExecutor.run(TestNGExecutor.java:155)
at org.apache.maven.surefire.testng.TestNGDirectoryTestSuite.executeMulti(TestNGDirectoryTestSuite.java:169)
at org.apache.maven.surefire.testng.TestNGDirectoryTestSuite.execute(TestNGDirectoryTestSuite.java:88)
at org.apache.maven.surefire.testng.TestNGProvider.invoke(TestNGProvider.java:137)
at org.apache.maven.surefire.booter.ForkedBooter.runSuitesInProcess(ForkedBooter.java:385)
at org.apache.maven.surefire.booter.ForkedBooter.execute(ForkedBooter.java:162)
at org.apache.maven.surefire.booter.ForkedBooter.run(ForkedBooter.java:507)
at org.apache.maven.surefire.booter.ForkedBooter.main(ForkedBooter.java:495)
]]>
            </full-stacktrace>
          </exception> <!-- org.testng.TestNGException -->
          <reporter-output>
          </reporter-output>
        </test-method> <!-- nextPage -->
      </class> <!-- org.planisphrer.TestingClassEdge -->
      <class name="org.parallelexe.TestingClass2">
        <test-method signature="tc01()[pri:0, instance:org.parallelexe.TestingClass2@5d0a1059]" started-at="2023-09-15T11:56:23 IST" name="tc01" finished-at="2023-09-15T11:56:23 IST" duration-ms="2" status="PASS">
          <reporter-output>
          </reporter-output>
        </test-method> <!-- tc01 -->
        <test-method signature="tc02()[pri:0, instance:org.parallelexe.TestingClass2@5d0a1059]" started-at="2023-09-15T11:56:23 IST" name="tc02" finished-at="2023-09-15T11:56:23 IST" duration-ms="2" status="PASS">
          <reporter-output>
          </reporter-output>
        </test-method> <!-- tc02 -->
        <test-method signature="tc03()[pri:0, instance:org.parallelexe.TestingClass2@5d0a1059]" started-at="2023-09-15T11:56:23 IST" name="tc03" finished-at="2023-09-15T11:56:23 IST" duration-ms="1" status="PASS">
          <reporter-output>
          </reporter-output>
        </test-method> <!-- tc03 -->
        <test-method signature="tc04()[pri:0, instance:org.parallelexe.TestingClass2@5d0a1059]" started-at="2023-09-15T11:56:23 IST" name="tc04" finished-at="2023-09-15T11:56:23 IST" duration-ms="1" status="PASS">
          <reporter-output>
          </reporter-output>
        </test-method> <!-- tc04 -->
        <test-method signature="tc05()[pri:0, instance:org.parallelexe.TestingClass2@5d0a1059]" started-at="2023-09-15T11:56:23 IST" name="tc05" finished-at="2023-09-15T11:56:23 IST" duration-ms="1" status="PASS">
          <reporter-output>
          </reporter-output>
        </test-method> <!-- tc05 -->
      </class> <!-- org.parallelexe.TestingClass2 -->
      <class name="org.planisphrer.TestingClassCrome">
        <test-method signature="getBrowser()[pri:0, instance:org.planisphrer.TestingClassCrome@54bff557]" started-at="2023-09-15T11:56:23 IST" name="getBrowser" finished-at="2023-09-15T11:58:15 IST" duration-ms="111935" status="PASS">
          <reporter-output>
          </reporter-output>
        </test-method> <!-- getBrowser -->
        <test-method signature="urlLanunched()[pri:1, instance:org.planisphrer.TestingClassCrome@54bff557]" started-at="2023-09-15T11:58:15 IST" name="urlLanunched" finished-at="2023-09-15T11:58:52 IST" duration-ms="36522" status="PASS">
          <reporter-output>
          </reporter-output>
        </test-method> <!-- urlLanunched -->
        <test-method signature="loginDataEntering()[pri:2, instance:org.planisphrer.TestingClassCrome@54bff557]" started-at="2023-09-15T11:58:52 IST" name="loginDataEntering" finished-at="2023-09-15T11:59:41 IST" duration-ms="49415" status="PASS">
          <reporter-output>
          </reporter-output>
        </test-method> <!-- loginDataEntering -->
        <test-method signature="clicklogin()[pri:3, instance:org.planisphrer.TestingClassCrome@54bff557]" started-at="2023-09-15T11:59:41 IST" name="clicklogin" finished-at="2023-09-15T12:00:06 IST" duration-ms="25359" status="PASS">
          <reporter-output>
          </reporter-output>
        </test-method> <!-- clicklogin -->
        <test-method signature="nextPage()[pri:4, instance:org.planisphrer.TestingClassCrome@54bff557]" started-at="2023-09-15T12:00:06 IST" name="nextPage" finished-at="2023-09-15T12:00:06 IST" duration-ms="148" status="PASS">
          <reporter-output>
          </reporter-output>
        </test-method> <!-- nextPage -->
      </class> <!-- org.planisphrer.TestingClassCrome -->
      <class name="org.parallelexe.TestingClass3">
        <test-method signature="tc01()[pri:0, instance:org.parallelexe.TestingClass3@485966cc]" started-at="2023-09-15T11:56:23 IST" name="tc01" finished-at="2023-09-15T11:56:23 IST" duration-ms="2" status="PASS">
          <reporter-output>
          </reporter-output>
        </test-method> <!-- tc01 -->
        <test-method signature="tc02()[pri:0, instance:org.parallelexe.TestingClass3@485966cc]" started-at="2023-09-15T11:56:23 IST" name="tc02" finished-at="2023-09-15T11:56:23 IST" duration-ms="1" status="PASS">
          <reporter-output>
          </reporter-output>
        </test-method> <!-- tc02 -->
        <test-method signature="tc03()[pri:0, instance:org.parallelexe.TestingClass3@485966cc]" started-at="2023-09-15T11:56:23 IST" name="tc03" finished-at="2023-09-15T11:56:23 IST" duration-ms="2" status="PASS">
          <reporter-output>
          </reporter-output>
        </test-method> <!-- tc03 -->
        <test-method signature="tc04()[pri:0, instance:org.parallelexe.TestingClass3@485966cc]" started-at="2023-09-15T11:56:23 IST" name="tc04" finished-at="2023-09-15T11:56:23 IST" duration-ms="5" status="PASS">
          <reporter-output>
          </reporter-output>
        </test-method> <!-- tc04 -->
        <test-method signature="tc05()[pri:0, instance:org.parallelexe.TestingClass3@485966cc]" started-at="2023-09-15T11:56:23 IST" name="tc05" finished-at="2023-09-15T11:56:23 IST" duration-ms="1" status="PASS">
          <reporter-output>
          </reporter-output>
        </test-method> <!-- tc05 -->
      </class> <!-- org.parallelexe.TestingClass3 -->
      <class name="org.parallelexe.TestingClass">
        <test-method signature="tc01()[pri:0, instance:org.parallelexe.TestingClass@7bd4937b]" started-at="2023-09-15T11:56:23 IST" name="tc01" finished-at="2023-09-15T11:56:23 IST" duration-ms="30" status="PASS">
          <reporter-output>
          </reporter-output>
        </test-method> <!-- tc01 -->
        <test-method signature="tc02()[pri:0, instance:org.parallelexe.TestingClass@7bd4937b]" started-at="2023-09-15T11:56:23 IST" name="tc02" finished-at="2023-09-15T11:56:23 IST" duration-ms="1" status="PASS">
          <reporter-output>
          </reporter-output>
        </test-method> <!-- tc02 -->
        <test-method signature="tc03()[pri:0, instance:org.parallelexe.TestingClass@7bd4937b]" started-at="2023-09-15T11:56:23 IST" name="tc03" finished-at="2023-09-15T11:56:23 IST" duration-ms="1" status="PASS">
          <reporter-output>
          </reporter-output>
        </test-method> <!-- tc03 -->
        <test-method signature="tc04()[pri:0, instance:org.parallelexe.TestingClass@7bd4937b]" started-at="2023-09-15T11:56:23 IST" name="tc04" finished-at="2023-09-15T11:56:23 IST" duration-ms="1" status="PASS">
          <reporter-output>
          </reporter-output>
        </test-method> <!-- tc04 -->
        <test-method signature="tc05()[pri:0, instance:org.parallelexe.TestingClass@7bd4937b]" started-at="2023-09-15T11:56:23 IST" name="tc05" finished-at="2023-09-15T11:56:23 IST" duration-ms="2" status="PASS">
          <reporter-output>
          </reporter-output>
        </test-method> <!-- tc05 -->
      </class> <!-- org.parallelexe.TestingClass -->
    </test> <!-- Surefire test -->
  </suite> <!-- Surefire suite -->
</testng-results>
